2017.11.29 19:28 B C:\dungeon\js\app.js <-- weixelbaumer /public_html/dungeon/js app.js
2017.11.29 19:28 B C:\dungeon\js\jquery.fileupload-angular.js <-- weixelbaumer /public_html/dungeon/js jquery.fileupload-angular.js
2017.11.29 19:28 B C:\dungeon\js\jquery.fileupload-audio.js <-- weixelbaumer /public_html/dungeon/js jquery.fileupload-audio.js
2017.11.29 19:28 B C:\dungeon\js\jquery.fileupload-image.js <-- weixelbaumer /public_html/dungeon/js jquery.fileupload-image.js
2017.11.29 19:28 B C:\dungeon\js\jquery.fileupload-jquery-ui.js <-- weixelbaumer /public_html/dungeon/js jquery.fileupload-jquery-ui.js
2017.11.29 19:28 B C:\dungeon\js\jquery.fileupload-process.js <-- weixelbaumer /public_html/dungeon/js jquery.fileupload-process.js
2017.11.29 19:28 B C:\dungeon\js\jquery.fileupload-ui.js <-- weixelbaumer /public_html/dungeon/js jquery.fileupload-ui.js
2017.11.29 19:28 B C:\dungeon\js\jquery.fileupload-validate.js <-- weixelbaumer /public_html/dungeon/js jquery.fileupload-validate.js
2017.11.29 19:28 B C:\dungeon\js\jquery.fileupload-video.js <-- weixelbaumer /public_html/dungeon/js jquery.fileupload-video.js
2017.11.29 19:28 B C:\dungeon\js\jquery.fileupload.js <-- weixelbaumer /public_html/dungeon/js jquery.fileupload.js
2017.11.29 19:28 B C:\dungeon\js\jquery.iframe-transport.js <-- weixelbaumer /public_html/dungeon/js jquery.iframe-transport.js
2017.11.29 19:28 B C:\dungeon\js\main.js <-- weixelbaumer /public_html/dungeon/js main.js
2018.07.02 21:57 B C:\dungeon\js\app.js --> ftp.fyrobe-club-sisseln.ch /public_html/dungeon2/js app.js
2018.07.02 21:57 B C:\dungeon\js\jquery.fileupload-angular.js --> ftp.fyrobe-club-sisseln.ch /public_html/dungeon2/js jquery.fileupload-angular.js
2018.07.02 21:57 B C:\dungeon\js\jquery.fileupload-audio.js --> ftp.fyrobe-club-sisseln.ch /public_html/dungeon2/js jquery.fileupload-audio.js
2018.07.02 21:57 B C:\dungeon\js\jquery.fileupload-image.js --> ftp.fyrobe-club-sisseln.ch /public_html/dungeon2/js jquery.fileupload-image.js
2018.07.02 21:57 B C:\dungeon\js\jquery.fileupload-jquery-ui.js --> ftp.fyrobe-club-sisseln.ch /public_html/dungeon2/js jquery.fileupload-jquery-ui.js
2018.07.02 21:57 B C:\dungeon\js\jquery.fileupload-process.js --> ftp.fyrobe-club-sisseln.ch /public_html/dungeon2/js jquery.fileupload-process.js
2018.07.02 21:57 B C:\dungeon\js\jquery.fileupload-ui.js --> ftp.fyrobe-club-sisseln.ch /public_html/dungeon2/js jquery.fileupload-ui.js
2018.07.02 21:57 B C:\dungeon\js\jquery.fileupload-validate.js --> ftp.fyrobe-club-sisseln.ch /public_html/dungeon2/js jquery.fileupload-validate.js
2018.07.02 21:57 B C:\dungeon\js\jquery.fileupload-video.js --> ftp.fyrobe-club-sisseln.ch /public_html/dungeon2/js jquery.fileupload-video.js
2018.07.02 21:57 B C:\dungeon\js\jquery.fileupload.js --> ftp.fyrobe-club-sisseln.ch /public_html/dungeon2/js jquery.fileupload.js
2018.07.02 21:57 B C:\dungeon\js\jquery.iframe-transport.js --> ftp.fyrobe-club-sisseln.ch /public_html/dungeon2/js jquery.iframe-transport.js
2018.07.02 21:57 B C:\dungeon\js\main.js --> ftp.fyrobe-club-sisseln.ch /public_html/dungeon2/js main.js
