2018.07.06 18:24 B C:\dungeon\jqtree\static\examples\autoescape.js <-- weixelbaumer /public_html/dungeon/jqtree/static/examples autoescape.js
2018.07.06 18:24 B C:\dungeon\jqtree\static\examples\autoscroll.js <-- weixelbaumer /public_html/dungeon/jqtree/static/examples autoscroll.js
2018.07.06 18:24 B C:\dungeon\jqtree\static\examples\button-on-right.js <-- weixelbaumer /public_html/dungeon/jqtree/static/examples button-on-right.js
2018.07.06 18:24 B C:\dungeon\jqtree\static\examples\custom_html.js <-- weixelbaumer /public_html/dungeon/jqtree/static/examples custom_html.js
2018.07.06 18:24 B C:\dungeon\jqtree\static\examples\drag-outside.js <-- weixelbaumer /public_html/dungeon/jqtree/static/examples drag-outside.js
2018.07.06 18:24 B C:\dungeon\jqtree\static\examples\drag_and_drop.js <-- weixelbaumer /public_html/dungeon/jqtree/static/examples drag_and_drop.js
2018.07.06 18:24 B C:\dungeon\jqtree\static\examples\icon_buttons.js <-- weixelbaumer /public_html/dungeon/jqtree/static/examples icon_buttons.js
2018.07.06 18:24 B C:\dungeon\jqtree\static\examples\load_json_data.js <-- weixelbaumer /public_html/dungeon/jqtree/static/examples load_json_data.js
2018.07.06 18:24 B C:\dungeon\jqtree\static\examples\load_json_data_from_server.js <-- weixelbaumer /public_html/dungeon/jqtree/static/examples load_json_data_from_server.js
2018.07.06 18:24 B C:\dungeon\jqtree\static\examples\load_on_demand.js <-- weixelbaumer /public_html/dungeon/jqtree/static/examples load_on_demand.js
2018.07.06 18:24 B C:\dungeon\jqtree\static\examples\multiple_select.js <-- weixelbaumer /public_html/dungeon/jqtree/static/examples multiple_select.js
2018.07.06 18:24 B C:\dungeon\jqtree\static\examples\right-to-left.js <-- weixelbaumer /public_html/dungeon/jqtree/static/examples right-to-left.js
2018.07.06 18:24 B C:\dungeon\jqtree\static\examples\save_state.js <-- weixelbaumer /public_html/dungeon/jqtree/static/examples save_state.js
2018.07.06 18:26 B C:\dungeon\jqtree\static\examples\autoescape.js --> ftp.fyrobe-club-sisseln.ch /public_html/dungeon2/jqtree/static/examples autoescape.js
2018.07.06 18:26 B C:\dungeon\jqtree\static\examples\autoscroll.js --> ftp.fyrobe-club-sisseln.ch /public_html/dungeon2/jqtree/static/examples autoscroll.js
2018.07.06 18:26 B C:\dungeon\jqtree\static\examples\button-on-right.js --> ftp.fyrobe-club-sisseln.ch /public_html/dungeon2/jqtree/static/examples button-on-right.js
2018.07.06 18:26 B C:\dungeon\jqtree\static\examples\custom_html.js --> ftp.fyrobe-club-sisseln.ch /public_html/dungeon2/jqtree/static/examples custom_html.js
2018.07.06 18:26 B C:\dungeon\jqtree\static\examples\drag-outside.js --> ftp.fyrobe-club-sisseln.ch /public_html/dungeon2/jqtree/static/examples drag-outside.js
2018.07.06 18:26 B C:\dungeon\jqtree\static\examples\drag_and_drop.js --> ftp.fyrobe-club-sisseln.ch /public_html/dungeon2/jqtree/static/examples drag_and_drop.js
2018.07.06 18:26 B C:\dungeon\jqtree\static\examples\icon_buttons.js --> ftp.fyrobe-club-sisseln.ch /public_html/dungeon2/jqtree/static/examples icon_buttons.js
2018.07.06 18:26 B C:\dungeon\jqtree\static\examples\load_json_data.js --> ftp.fyrobe-club-sisseln.ch /public_html/dungeon2/jqtree/static/examples load_json_data.js
2018.07.06 18:26 B C:\dungeon\jqtree\static\examples\load_json_data_from_server.js --> ftp.fyrobe-club-sisseln.ch /public_html/dungeon2/jqtree/static/examples load_json_data_from_server.js
2018.07.06 18:26 B C:\dungeon\jqtree\static\examples\load_on_demand.js --> ftp.fyrobe-club-sisseln.ch /public_html/dungeon2/jqtree/static/examples load_on_demand.js
2018.07.06 18:26 B C:\dungeon\jqtree\static\examples\multiple_select.js --> ftp.fyrobe-club-sisseln.ch /public_html/dungeon2/jqtree/static/examples multiple_select.js
2018.07.06 18:26 B C:\dungeon\jqtree\static\examples\right-to-left.js --> ftp.fyrobe-club-sisseln.ch /public_html/dungeon2/jqtree/static/examples right-to-left.js
2018.07.06 18:26 B C:\dungeon\jqtree\static\examples\save_state.js --> ftp.fyrobe-club-sisseln.ch /public_html/dungeon2/jqtree/static/examples save_state.js
