2018.07.06 18:23 B C:\dungeon\jqtree\src\drag_and_drop_handler.ts <-- weixelbaumer /public_html/dungeon/jqtree/src drag_and_drop_handler.ts
2018.07.06 18:23 B C:\dungeon\jqtree\src\elements_renderer.ts <-- weixelbaumer /public_html/dungeon/jqtree/src elements_renderer.ts
2018.07.06 18:23 B C:\dungeon\jqtree\src\header.txt <-- weixelbaumer /public_html/dungeon/jqtree/src header.txt
2018.07.06 18:23 B C:\dungeon\jqtree\src\imouse_widget.ts <-- weixelbaumer /public_html/dungeon/jqtree/src imouse_widget.ts
2018.07.06 18:23 B C:\dungeon\jqtree\src\itree_widget.ts <-- weixelbaumer /public_html/dungeon/jqtree/src itree_widget.ts
2018.07.06 18:23 B C:\dungeon\jqtree\src\key_handler.ts <-- weixelbaumer /public_html/dungeon/jqtree/src key_handler.ts
2018.07.06 18:23 B C:\dungeon\jqtree\src\mouse.widget.ts <-- weixelbaumer /public_html/dungeon/jqtree/src mouse.widget.ts
2018.07.06 18:23 B C:\dungeon\jqtree\src\node.ts <-- weixelbaumer /public_html/dungeon/jqtree/src node.ts
2018.07.06 18:23 B C:\dungeon\jqtree\src\node_element.ts <-- weixelbaumer /public_html/dungeon/jqtree/src node_element.ts
2018.07.06 18:23 B C:\dungeon\jqtree\src\save_state_handler.ts <-- weixelbaumer /public_html/dungeon/jqtree/src save_state_handler.ts
2018.07.06 18:23 B C:\dungeon\jqtree\src\scroll_handler.ts <-- weixelbaumer /public_html/dungeon/jqtree/src scroll_handler.ts
2018.07.06 18:23 B C:\dungeon\jqtree\src\select_node_handler.ts <-- weixelbaumer /public_html/dungeon/jqtree/src select_node_handler.ts
2018.07.06 18:23 B C:\dungeon\jqtree\src\simple.widget.ts <-- weixelbaumer /public_html/dungeon/jqtree/src simple.widget.ts
2018.07.06 18:23 B C:\dungeon\jqtree\src\tree.jquery.d.ts <-- weixelbaumer /public_html/dungeon/jqtree/src tree.jquery.d.ts
2018.07.06 18:23 B C:\dungeon\jqtree\src\tree.jquery.ts <-- weixelbaumer /public_html/dungeon/jqtree/src tree.jquery.ts
2018.07.06 18:23 B C:\dungeon\jqtree\src\util.ts <-- weixelbaumer /public_html/dungeon/jqtree/src util.ts
2018.07.06 18:23 B C:\dungeon\jqtree\src\version.ts <-- weixelbaumer /public_html/dungeon/jqtree/src version.ts
2018.07.06 18:25 B C:\dungeon\jqtree\src\drag_and_drop_handler.ts --> ftp.fyrobe-club-sisseln.ch /public_html/dungeon2/jqtree/src drag_and_drop_handler.ts
2018.07.06 18:25 B C:\dungeon\jqtree\src\elements_renderer.ts --> ftp.fyrobe-club-sisseln.ch /public_html/dungeon2/jqtree/src elements_renderer.ts
2018.07.06 18:25 B C:\dungeon\jqtree\src\header.txt --> ftp.fyrobe-club-sisseln.ch /public_html/dungeon2/jqtree/src header.txt
2018.07.06 18:25 B C:\dungeon\jqtree\src\imouse_widget.ts --> ftp.fyrobe-club-sisseln.ch /public_html/dungeon2/jqtree/src imouse_widget.ts
2018.07.06 18:25 B C:\dungeon\jqtree\src\itree_widget.ts --> ftp.fyrobe-club-sisseln.ch /public_html/dungeon2/jqtree/src itree_widget.ts
2018.07.06 18:25 B C:\dungeon\jqtree\src\key_handler.ts --> ftp.fyrobe-club-sisseln.ch /public_html/dungeon2/jqtree/src key_handler.ts
2018.07.06 18:25 B C:\dungeon\jqtree\src\mouse.widget.ts --> ftp.fyrobe-club-sisseln.ch /public_html/dungeon2/jqtree/src mouse.widget.ts
2018.07.06 18:25 B C:\dungeon\jqtree\src\node.ts --> ftp.fyrobe-club-sisseln.ch /public_html/dungeon2/jqtree/src node.ts
2018.07.06 18:25 B C:\dungeon\jqtree\src\node_element.ts --> ftp.fyrobe-club-sisseln.ch /public_html/dungeon2/jqtree/src node_element.ts
2018.07.06 18:25 B C:\dungeon\jqtree\src\save_state_handler.ts --> ftp.fyrobe-club-sisseln.ch /public_html/dungeon2/jqtree/src save_state_handler.ts
2018.07.06 18:25 B C:\dungeon\jqtree\src\scroll_handler.ts --> ftp.fyrobe-club-sisseln.ch /public_html/dungeon2/jqtree/src scroll_handler.ts
2018.07.06 18:25 B C:\dungeon\jqtree\src\select_node_handler.ts --> ftp.fyrobe-club-sisseln.ch /public_html/dungeon2/jqtree/src select_node_handler.ts
2018.07.06 18:25 B C:\dungeon\jqtree\src\simple.widget.ts --> ftp.fyrobe-club-sisseln.ch /public_html/dungeon2/jqtree/src simple.widget.ts
2018.07.06 18:25 B C:\dungeon\jqtree\src\tree.jquery.d.ts --> ftp.fyrobe-club-sisseln.ch /public_html/dungeon2/jqtree/src tree.jquery.d.ts
2018.07.06 18:25 B C:\dungeon\jqtree\src\tree.jquery.ts --> ftp.fyrobe-club-sisseln.ch /public_html/dungeon2/jqtree/src tree.jquery.ts
2018.07.06 18:25 B C:\dungeon\jqtree\src\util.ts --> ftp.fyrobe-club-sisseln.ch /public_html/dungeon2/jqtree/src util.ts
2018.07.06 18:25 B C:\dungeon\jqtree\src\version.ts --> ftp.fyrobe-club-sisseln.ch /public_html/dungeon2/jqtree/src version.ts
