2018.07.06 18:23 B C:\dungeon\jqtree\lib\drag_and_drop_handler.js <-- weixelbaumer /public_html/dungeon/jqtree/lib drag_and_drop_handler.js
2018.07.06 18:23 B C:\dungeon\jqtree\lib\elements_renderer.js <-- weixelbaumer /public_html/dungeon/jqtree/lib elements_renderer.js
2018.07.06 18:23 B C:\dungeon\jqtree\lib\imouse_widget.js <-- weixelbaumer /public_html/dungeon/jqtree/lib imouse_widget.js
2018.07.06 18:23 B C:\dungeon\jqtree\lib\itree_widget.js <-- weixelbaumer /public_html/dungeon/jqtree/lib itree_widget.js
2018.07.06 18:23 B C:\dungeon\jqtree\lib\key_handler.js <-- weixelbaumer /public_html/dungeon/jqtree/lib key_handler.js
2018.07.06 18:23 B C:\dungeon\jqtree\lib\mouse.widget.js <-- weixelbaumer /public_html/dungeon/jqtree/lib mouse.widget.js
2018.07.06 18:23 B C:\dungeon\jqtree\lib\node.js <-- weixelbaumer /public_html/dungeon/jqtree/lib node.js
2018.07.06 18:23 B C:\dungeon\jqtree\lib\node_element.js <-- weixelbaumer /public_html/dungeon/jqtree/lib node_element.js
2018.07.06 18:23 B C:\dungeon\jqtree\lib\save_state_handler.js <-- weixelbaumer /public_html/dungeon/jqtree/lib save_state_handler.js
2018.07.06 18:23 B C:\dungeon\jqtree\lib\scroll_handler.js <-- weixelbaumer /public_html/dungeon/jqtree/lib scroll_handler.js
2018.07.06 18:23 B C:\dungeon\jqtree\lib\select_node_handler.js <-- weixelbaumer /public_html/dungeon/jqtree/lib select_node_handler.js
2018.07.06 18:23 B C:\dungeon\jqtree\lib\simple.widget.js <-- weixelbaumer /public_html/dungeon/jqtree/lib simple.widget.js
2018.07.06 18:23 B C:\dungeon\jqtree\lib\tree.jquery.js <-- weixelbaumer /public_html/dungeon/jqtree/lib tree.jquery.js
2018.07.06 18:23 B C:\dungeon\jqtree\lib\util.js <-- weixelbaumer /public_html/dungeon/jqtree/lib util.js
2018.07.06 18:23 B C:\dungeon\jqtree\lib\version.js <-- weixelbaumer /public_html/dungeon/jqtree/lib version.js
2018.07.06 18:25 B C:\dungeon\jqtree\lib\drag_and_drop_handler.js --> ftp.fyrobe-club-sisseln.ch /public_html/dungeon2/jqtree/lib drag_and_drop_handler.js
2018.07.06 18:25 B C:\dungeon\jqtree\lib\elements_renderer.js --> ftp.fyrobe-club-sisseln.ch /public_html/dungeon2/jqtree/lib elements_renderer.js
2018.07.06 18:25 B C:\dungeon\jqtree\lib\imouse_widget.js --> ftp.fyrobe-club-sisseln.ch /public_html/dungeon2/jqtree/lib imouse_widget.js
2018.07.06 18:25 B C:\dungeon\jqtree\lib\itree_widget.js --> ftp.fyrobe-club-sisseln.ch /public_html/dungeon2/jqtree/lib itree_widget.js
2018.07.06 18:25 B C:\dungeon\jqtree\lib\key_handler.js --> ftp.fyrobe-club-sisseln.ch /public_html/dungeon2/jqtree/lib key_handler.js
2018.07.06 18:25 B C:\dungeon\jqtree\lib\mouse.widget.js --> ftp.fyrobe-club-sisseln.ch /public_html/dungeon2/jqtree/lib mouse.widget.js
2018.07.06 18:25 B C:\dungeon\jqtree\lib\node.js --> ftp.fyrobe-club-sisseln.ch /public_html/dungeon2/jqtree/lib node.js
2018.07.06 18:25 B C:\dungeon\jqtree\lib\node_element.js --> ftp.fyrobe-club-sisseln.ch /public_html/dungeon2/jqtree/lib node_element.js
2018.07.06 18:25 B C:\dungeon\jqtree\lib\save_state_handler.js --> ftp.fyrobe-club-sisseln.ch /public_html/dungeon2/jqtree/lib save_state_handler.js
2018.07.06 18:25 B C:\dungeon\jqtree\lib\scroll_handler.js --> ftp.fyrobe-club-sisseln.ch /public_html/dungeon2/jqtree/lib scroll_handler.js
2018.07.06 18:25 B C:\dungeon\jqtree\lib\select_node_handler.js --> ftp.fyrobe-club-sisseln.ch /public_html/dungeon2/jqtree/lib select_node_handler.js
2018.07.06 18:25 B C:\dungeon\jqtree\lib\simple.widget.js --> ftp.fyrobe-club-sisseln.ch /public_html/dungeon2/jqtree/lib simple.widget.js
2018.07.06 18:25 B C:\dungeon\jqtree\lib\tree.jquery.js --> ftp.fyrobe-club-sisseln.ch /public_html/dungeon2/jqtree/lib tree.jquery.js
2018.07.06 18:25 B C:\dungeon\jqtree\lib\util.js --> ftp.fyrobe-club-sisseln.ch /public_html/dungeon2/jqtree/lib util.js
2018.07.06 18:25 B C:\dungeon\jqtree\lib\version.js --> ftp.fyrobe-club-sisseln.ch /public_html/dungeon2/jqtree/lib version.js
